2023.11.01 00:01:20 INFO  Started: Metals version 1.1.0 in folders '/Users/miquelpuig/Documents/random/leetcode/2433-findTheOriginalArrayOfPrefixXor' for client Visual Studio Code 1.83.1.[0m
2023.11.01 00:01:21 WARN  Build server is not auto-connectable.[0m
2023.11.01 00:01:21 WARN  no build tool detected in workspace '/Users/miquelpuig/Documents/random/leetcode/2433-findTheOriginalArrayOfPrefixXor'. The most common cause for this problem is that the editor was opened in the wrong working directory, for example if you use sbt then the workspace directory should contain build.sbt. [0m
2023.11.01 00:01:37 WARN  no build target for: /Users/miquelpuig/Documents/random/leetcode/2433-findTheOriginalArrayOfPrefixXor/findArray.scala[0m
2023.11.01 00:01:37 WARN  no build target for: /Users/miquelpuig/Documents/random/leetcode/2433-findTheOriginalArrayOfPrefixXor/findArray.scala[0m
2023.11.01 00:01:38 INFO  no build target found for /Users/miquelpuig/Documents/random/leetcode/2433-findTheOriginalArrayOfPrefixXor/findArray.scala. Using presentation compiler with project's scala-library version: 3.3.1[0m
2023.11.01 00:02:01 WARN  no build target for: /Users/miquelpuig/Documents/random/leetcode/2433-findTheOriginalArrayOfPrefixXor/findArray.scala[0m
2023.11.01 00:02:34 WARN  no build target for: /Users/miquelpuig/Documents/random/leetcode/2433-findTheOriginalArrayOfPrefixXor/findArray.scala[0m
Nov 01, 2023 12:02:43 AM org.eclipse.lsp4j.jsonrpc.RemoteEndpoint handleNotification
WARNING: Notification threw an exception: {
  "jsonrpc": "2.0",
  "method": "metals/didFocusTextDocument",
  "params": [
    "untitled:/Users/miquelpuig/Documents/random/leetcode/2433-findTheOriginalArrayOfPrefixXor/findArray_test.scala"
  ]
}
java.lang.RuntimeException: java.lang.reflect.InvocationTargetException
	at org.eclipse.lsp4j.jsonrpc.services.GenericEndpoint.lambda$null$0(GenericEndpoint.java:67)
	at org.eclipse.lsp4j.jsonrpc.services.GenericEndpoint.notify(GenericEndpoint.java:152)
	at org.eclipse.lsp4j.jsonrpc.RemoteEndpoint.handleNotification(RemoteEndpoint.java:220)
	at org.eclipse.lsp4j.jsonrpc.RemoteEndpoint.consume(RemoteEndpoint.java:187)
	at org.eclipse.lsp4j.jsonrpc.json.StreamMessageProducer.handleMessage(StreamMessageProducer.java:194)
	at org.eclipse.lsp4j.jsonrpc.json.StreamMessageProducer.listen(StreamMessageProducer.java:94)
	at org.eclipse.lsp4j.jsonrpc.json.ConcurrentMessageProcessor.run(ConcurrentMessageProcessor.java:113)
	at java.base/java.util.concurrent.Executors$RunnableAdapter.call(Executors.java:539)
	at java.base/java.util.concurrent.FutureTask.run(FutureTask.java:264)
	at java.base/java.util.concurrent.ThreadPoolExecutor.runWorker(ThreadPoolExecutor.java:1136)
	at java.base/java.util.concurrent.ThreadPoolExecutor$Worker.run(ThreadPoolExecutor.java:635)
	at java.base/java.lang.Thread.run(Thread.java:833)
Caused by: java.lang.reflect.InvocationTargetException
	at java.base/jdk.internal.reflect.NativeMethodAccessorImpl.invoke0(Native Method)
	at java.base/jdk.internal.reflect.NativeMethodAccessorImpl.invoke(NativeMethodAccessorImpl.java:77)
	at java.base/jdk.internal.reflect.DelegatingMethodAccessorImpl.invoke(DelegatingMethodAccessorImpl.java:43)
	at java.base/java.lang.reflect.Method.invoke(Method.java:568)
	at org.eclipse.lsp4j.jsonrpc.services.GenericEndpoint.lambda$null$0(GenericEndpoint.java:65)
	... 11 more
Caused by: java.nio.file.FileSystemNotFoundException: Provider "untitled" not installed
	at java.base/java.nio.file.Path.of(Path.java:212)
	at java.base/java.nio.file.Paths.get(Paths.java:98)
	at scala.meta.internal.mtags.MtagsEnrichments$XtensionURIMtags.toAbsolutePath(MtagsEnrichments.scala:131)
	at scala.meta.internal.mtags.MtagsEnrichments$XtensionStringMtags.toAbsolutePath(MtagsEnrichments.scala:187)
	at scala.meta.internal.metals.MetalsEnrichments$XtensionString.toAbsolutePath(MetalsEnrichments.scala:645)
	at scala.meta.internal.metals.MetalsEnrichments$XtensionString.toAbsolutePath(MetalsEnrichments.scala:642)
	at scala.meta.internal.metals.WorkspaceLspService.didFocus(WorkspaceLspService.scala:608)
	at scala.meta.metals.lsp.DelegatingScalaService.didFocus(DelegatingScalaService.scala:43)
	... 16 more

Nov 01, 2023 12:02:52 AM org.eclipse.lsp4j.jsonrpc.RemoteEndpoint handleNotification
WARNING: Notification threw an exception: {
  "jsonrpc": "2.0",
  "method": "metals/didFocusTextDocument",
  "params": [
    "untitled:/Users/miquelpuig/Documents/random/leetcode/2433-findTheOriginalArrayOfPrefixXor/findArray_test.scala"
  ]
}
java.lang.RuntimeException: java.lang.reflect.InvocationTargetException
	at org.eclipse.lsp4j.jsonrpc.services.GenericEndpoint.lambda$null$0(GenericEndpoint.java:67)
	at org.eclipse.lsp4j.jsonrpc.services.GenericEndpoint.notify(GenericEndpoint.java:152)
	at org.eclipse.lsp4j.jsonrpc.RemoteEndpoint.handleNotification(RemoteEndpoint.java:220)
	at org.eclipse.lsp4j.jsonrpc.RemoteEndpoint.consume(RemoteEndpoint.java:187)
	at org.eclipse.lsp4j.jsonrpc.json.StreamMessageProducer.handleMessage(StreamMessageProducer.java:194)
	at org.eclipse.lsp4j.jsonrpc.json.StreamMessageProducer.listen(StreamMessageProducer.java:94)
	at org.eclipse.lsp4j.jsonrpc.json.ConcurrentMessageProcessor.run(ConcurrentMessageProcessor.java:113)
	at java.base/java.util.concurrent.Executors$RunnableAdapter.call(Executors.java:539)
	at java.base/java.util.concurrent.FutureTask.run(FutureTask.java:264)
	at java.base/java.util.concurrent.ThreadPoolExecutor.runWorker(ThreadPoolExecutor.java:1136)
	at java.base/java.util.concurrent.ThreadPoolExecutor$Worker.run(ThreadPoolExecutor.java:635)
	at java.base/java.lang.Thread.run(Thread.java:833)
Caused by: java.lang.reflect.InvocationTargetException
	at java.base/jdk.internal.reflect.NativeMethodAccessorImpl.invoke0(Native Method)
	at java.base/jdk.internal.reflect.NativeMethodAccessorImpl.invoke(NativeMethodAccessorImpl.java:77)
	at java.base/jdk.internal.reflect.DelegatingMethodAccessorImpl.invoke(DelegatingMethodAccessorImpl.java:43)
	at java.base/java.lang.reflect.Method.invoke(Method.java:568)
	at org.eclipse.lsp4j.jsonrpc.services.GenericEndpoint.lambda$null$0(GenericEndpoint.java:65)
	... 11 more
Caused by: java.nio.file.FileSystemNotFoundException: Provider "untitled" not installed
	at java.base/java.nio.file.Path.of(Path.java:212)
	at java.base/java.nio.file.Paths.get(Paths.java:98)
	at scala.meta.internal.mtags.MtagsEnrichments$XtensionURIMtags.toAbsolutePath(MtagsEnrichments.scala:131)
	at scala.meta.internal.mtags.MtagsEnrichments$XtensionStringMtags.toAbsolutePath(MtagsEnrichments.scala:187)
	at scala.meta.internal.metals.MetalsEnrichments$XtensionString.toAbsolutePath(MetalsEnrichments.scala:645)
	at scala.meta.internal.metals.MetalsEnrichments$XtensionString.toAbsolutePath(MetalsEnrichments.scala:642)
	at scala.meta.internal.metals.WorkspaceLspService.didFocus(WorkspaceLspService.scala:608)
	at scala.meta.metals.lsp.DelegatingScalaService.didFocus(DelegatingScalaService.scala:43)
	... 16 more

2023.11.01 00:02:58 WARN  no build target for: /Users/miquelpuig/Documents/random/leetcode/2433-findTheOriginalArrayOfPrefixXor/findArray_test.scala[0m
2023.11.01 00:02:58 WARN  no build target for: /Users/miquelpuig/Documents/random/leetcode/2433-findTheOriginalArrayOfPrefixXor/findArray_test.scala[0m
2023.11.01 00:03:29 WARN  no build target for: /Users/miquelpuig/Documents/random/leetcode/2433-findTheOriginalArrayOfPrefixXor/findArray_test.scala[0m
2023.11.01 00:05:21 WARN  Could not find semantic tokens for: file:///Users/miquelpuig/Documents/random/leetcode/2433-findTheOriginalArrayOfPrefixXor/findArray_test.scala[0m
2023.11.01 00:05:30 WARN  Could not find semantic tokens for: file:///Users/miquelpuig/Documents/random/leetcode/2433-findTheOriginalArrayOfPrefixXor/findArray_test.scala[0m
2023.11.01 00:05:31 WARN  Could not find semantic tokens for: file:///Users/miquelpuig/Documents/random/leetcode/2433-findTheOriginalArrayOfPrefixXor/findArray_test.scala[0m
2023.11.01 00:05:54 WARN  no build target for: /Users/miquelpuig/Documents/random/leetcode/2433-findTheOriginalArrayOfPrefixXor/findArray_test.scala[0m
Nov 01, 2023 12:06:13 AM org.eclipse.lsp4j.jsonrpc.RemoteEndpoint handleCancellation
WARNING: Unmatched cancel notification for request id 510
2023.11.01 00:07:21 WARN  no build target for: /Users/miquelpuig/Documents/random/leetcode/2433-findTheOriginalArrayOfPrefixXor/findArray_test.scala[0m
2023.11.01 00:08:07 WARN  no build target for: /Users/miquelpuig/Documents/random/leetcode/2433-findTheOriginalArrayOfPrefixXor/findArray_test.scala[0m
2023.11.01 00:08:16 WARN  no build target for: /Users/miquelpuig/Documents/random/leetcode/2433-findTheOriginalArrayOfPrefixXor/findArray_test.scala[0m
2023.11.01 00:10:40 INFO  Shutting down server[0m
2023.11.01 00:10:40 INFO  shutting down Metals[0m
2023.11.01 00:10:40 INFO  Exiting server[0m
